[roslaunch][INFO] 2017-08-17 07:21:23,059: Checking log directory for disk usage. This may take awhile.
Press Ctrl-C to interrupt
[roslaunch][INFO] 2017-08-17 07:21:23,073: Done checking log file disk usage. Usage is <1GB.
[roslaunch][INFO] 2017-08-17 07:21:23,074: roslaunch starting with args ['roscore', '--core', '-v']
[roslaunch][INFO] 2017-08-17 07:21:23,075: roslaunch env is {'ROS_DISTRO': 'kinetic', 'SSH_CLIENT': '192.168.8.137 4026 22', 'LOGNAME': 'erle', 'USER': 'erle', 'HOME': '/home/erle', 'PATH': '/opt/ros/kinetic/bin:/usr/local/sbin:/usr/local/bin:/usr/sbin:/usr/bin:/sbin:/bin:/usr/local/games:/usr/games', 'CMAKE_PREFIX_PATH': '/opt/ros/kinetic', 'LD_LIBRARY_PATH': '/opt/ros/kinetic/lib', 'LANG': 'en_GB.UTF-8', 'TERM': 'xterm', 'SHELL': '/bin/bash', 'SHLVL': '1', 'ROS_LOG_FILENAME': '/home/erle/.ros/log/ac2c5058-831c-11e7-b5f2-b827eb1bfbc0/roslaunch-erle-brain-3-11258.log', 'ROS_ETC_DIR': '/opt/ros/kinetic/etc/ros', 'XDG_RUNTIME_DIR': '/run/user/1001', 'PYTHONPATH': '/opt/ros/kinetic/lib/python2.7/dist-packages', 'ROS_ROOT': '/opt/ros/kinetic/share/ros', 'PKG_CONFIG_PATH': '/opt/ros/kinetic/lib/pkgconfig', 'ROS_PACKAGE_PATH': '/opt/ros/kinetic/share', 'XDG_SESSION_ID': 'c4', '_': '/opt/ros/kinetic/bin/roscore', 'SSH_CONNECTION': '192.168.8.137 4026 192.168.8.115 22', 'SSH_TTY': '/dev/pts/2', 'OLDPWD': '/home/erle/.ros', 'ROSLISP_PACKAGE_DIRECTORIES': '', 'PWD': '/home/erle', 'ROS_MASTER_URI': 'http://localhost:11311', 'MAIL': '/var/mail/erle', 'LS_COLORS': 'rs=0:di=01;34:ln=01;36:mh=00:pi=40;33:so=01;35:do=01;35:bd=40;33;01:cd=40;33;01:or=40;31;01:su=37;41:sg=30;43:ca=30;41:tw=30;42:ow=34;42:st=37;44:ex=01;32:*.tar=01;31:*.tgz=01;31:*.arc=01;31:*.arj=01;31:*.taz=01;31:*.lha=01;31:*.lz4=01;31:*.lzh=01;31:*.lzma=01;31:*.tlz=01;31:*.txz=01;31:*.tzo=01;31:*.t7z=01;31:*.zip=01;31:*.z=01;31:*.Z=01;31:*.dz=01;31:*.gz=01;31:*.lrz=01;31:*.lz=01;31:*.lzo=01;31:*.xz=01;31:*.bz2=01;31:*.bz=01;31:*.tbz=01;31:*.tbz2=01;31:*.tz=01;31:*.deb=01;31:*.rpm=01;31:*.jar=01;31:*.war=01;31:*.ear=01;31:*.sar=01;31:*.rar=01;31:*.alz=01;31:*.ace=01;31:*.zoo=01;31:*.cpio=01;31:*.7z=01;31:*.rz=01;31:*.cab=01;31:*.jpg=01;35:*.jpeg=01;35:*.gif=01;35:*.bmp=01;35:*.pbm=01;35:*.pgm=01;35:*.ppm=01;35:*.tga=01;35:*.xbm=01;35:*.xpm=01;35:*.tif=01;35:*.tiff=01;35:*.png=01;35:*.svg=01;35:*.svgz=01;35:*.mng=01;35:*.pcx=01;35:*.mov=01;35:*.mpg=01;35:*.mpeg=01;35:*.m2v=01;35:*.mkv=01;35:*.webm=01;35:*.ogm=01;35:*.mp4=01;35:*.m4v=01;35:*.mp4v=01;35:*.vob=01;35:*.qt=01;35:*.nuv=01;35:*.wmv=01;35:*.asf=01;35:*.rm=01;35:*.rmvb=01;35:*.flc=01;35:*.avi=01;35:*.fli=01;35:*.flv=01;35:*.gl=01;35:*.dl=01;35:*.xcf=01;35:*.xwd=01;35:*.yuv=01;35:*.cgm=01;35:*.emf=01;35:*.axv=01;35:*.anx=01;35:*.ogv=01;35:*.ogx=01;35:*.aac=00;36:*.au=00;36:*.flac=00;36:*.m4a=00;36:*.mid=00;36:*.midi=00;36:*.mka=00;36:*.mp3=00;36:*.mpc=00;36:*.ogg=00;36:*.ra=00;36:*.wav=00;36:*.axa=00;36:*.oga=00;36:*.spx=00;36:*.xspf=00;36:'}
[roslaunch][INFO] 2017-08-17 07:21:23,076: starting in server mode
[roslaunch.parent][INFO] 2017-08-17 07:21:23,077: starting roslaunch parent run
[roslaunch][INFO] 2017-08-17 07:21:23,078: loading roscore config file /opt/ros/kinetic/etc/ros/roscore.xml
[roslaunch][INFO] 2017-08-17 07:21:23,987: Added core node of type [rosout/rosout] in namespace [/]
[roslaunch.pmon][INFO] 2017-08-17 07:21:23,989: start_process_monitor: creating ProcessMonitor
[roslaunch.pmon][INFO] 2017-08-17 07:21:23,991: created process monitor <ProcessMonitor(ProcessMonitor-1, initial daemon)>
[roslaunch.pmon][INFO] 2017-08-17 07:21:23,992: start_process_monitor: ProcessMonitor started
[roslaunch.parent][INFO] 2017-08-17 07:21:23,993: starting parent XML-RPC server
[roslaunch.server][INFO] 2017-08-17 07:21:23,994: starting roslaunch XML-RPC server
[roslaunch.server][INFO] 2017-08-17 07:21:23,995: waiting for roslaunch XML-RPC server to initialize
[xmlrpc][INFO] 2017-08-17 07:21:23,996: XML-RPC server binding to 0.0.0.0:0
[xmlrpc][INFO] 2017-08-17 07:21:23,998: Started XML-RPC server [http://erle-brain-3:46719/]
[xmlrpc][INFO] 2017-08-17 07:21:24,000: xml rpc node: starting XML-RPC server
[roslaunch][INFO] 2017-08-17 07:21:24,018: started roslaunch server http://erle-brain-3:46719/
[roslaunch.parent][INFO] 2017-08-17 07:21:24,019: ... parent XML-RPC server started
[roslaunch][INFO] 2017-08-17 07:21:24,021: master.is_running[http://erle-brain-3:11311/]
[roslaunch][INFO] 2017-08-17 07:21:24,031: auto-starting new master
[roslaunch][INFO] 2017-08-17 07:21:24,032: create_master_process: rosmaster, /opt/ros/kinetic/share/ros, 11311, 3, None
[roslaunch][INFO] 2017-08-17 07:21:24,033: process[master]: launching with args [['rosmaster', '--core', '-p', '11311', '-w', '3']]
[roslaunch.pmon][INFO] 2017-08-17 07:21:24,034: ProcessMonitor.register[master]
[roslaunch.pmon][INFO] 2017-08-17 07:21:24,035: ProcessMonitor.register[master] complete
[roslaunch][INFO] 2017-08-17 07:21:24,036: process[master]: starting os process
[roslaunch][INFO] 2017-08-17 07:21:24,037: process[master]: start w/ args [['rosmaster', '--core', '-p', '11311', '-w', '3', '__log:=/home/erle/.ros/log/ac2c5058-831c-11e7-b5f2-b827eb1bfbc0/master.log']]
[roslaunch][INFO] 2017-08-17 07:21:24,038: process[master]: cwd will be [/home/erle/.ros]
[roslaunch][INFO] 2017-08-17 07:21:24,092: process[master]: started with pid [11285]
[roslaunch][INFO] 2017-08-17 07:21:24,097: master.is_running[http://erle-brain-3:11311/]
[roslaunch][INFO] 2017-08-17 07:21:24,207: master.is_running[http://erle-brain-3:11311/]
[roslaunch][INFO] 2017-08-17 07:21:24,311: master.is_running[http://erle-brain-3:11311/]
[roslaunch][INFO] 2017-08-17 07:21:24,414: master.is_running[http://erle-brain-3:11311/]
[roslaunch][INFO] 2017-08-17 07:21:24,518: master.is_running[http://erle-brain-3:11311/]
[roslaunch][INFO] 2017-08-17 07:21:24,621: master.is_running[http://erle-brain-3:11311/]
[roslaunch][INFO] 2017-08-17 07:21:24,731: master.is_running[http://erle-brain-3:11311/]
[roslaunch][INFO] 2017-08-17 07:21:24,834: master.is_running[http://erle-brain-3:11311/]
[roslaunch][INFO] 2017-08-17 07:21:25,796: master.is_running[http://erle-brain-3:11311/]
[roslaunch][INFO] 2017-08-17 07:21:25,805: master.is_running[http://erle-brain-3:11311/]
[roslaunch][INFO] 2017-08-17 07:21:25,811: ROS_MASTER_URI=http://erle-brain-3:11311/
[roslaunch][INFO] 2017-08-17 07:21:25,818: setting /run_id to ac2c5058-831c-11e7-b5f2-b827eb1bfbc0
[roslaunch][INFO] 2017-08-17 07:21:25,826: setting /roslaunch/uris/host_erle_brain_3__46719' to http://erle-brain-3:46719/
[roslaunch][INFO] 2017-08-17 07:21:25,841: ... preparing to launch node of type [rosout/rosout]
[roslaunch][INFO] 2017-08-17 07:21:25,842: create_node_process: package[rosout] type[rosout] machine[Machine(name[] env_loader[None] address[localhost] ssh_port[22] user[None] assignable[True] timeout[10.0])] master_uri[http://erle-brain-3:11311/]
[roslaunch][INFO] 2017-08-17 07:21:25,843: process[rosout-1]: env[{'ROS_DISTRO': 'kinetic', 'SSH_CLIENT': '192.168.8.137 4026 22', 'LOGNAME': 'erle', 'USER': 'erle', 'PATH': '/opt/ros/kinetic/bin:/usr/local/sbin:/usr/local/bin:/usr/sbin:/usr/bin:/sbin:/bin:/usr/local/games:/usr/games', 'HOME': '/home/erle', 'CMAKE_PREFIX_PATH': '/opt/ros/kinetic', 'ROS_LOG_FILENAME': '/home/erle/.ros/log/ac2c5058-831c-11e7-b5f2-b827eb1bfbc0/roslaunch-erle-brain-3-11258.log', 'LANG': 'en_GB.UTF-8', 'TERM': 'xterm', 'SHELL': '/bin/bash', 'SHLVL': '1', 'LD_LIBRARY_PATH': '/opt/ros/kinetic/lib', 'ROS_MASTER_URI': 'http://erle-brain-3:11311/', 'XDG_RUNTIME_DIR': '/run/user/1001', 'PYTHONPATH': '/opt/ros/kinetic/lib/python2.7/dist-packages', 'ROS_ROOT': '/opt/ros/kinetic/share/ros', 'PKG_CONFIG_PATH': '/opt/ros/kinetic/lib/pkgconfig', 'ROS_PACKAGE_PATH': '/opt/ros/kinetic/share', 'XDG_SESSION_ID': 'c4', '_': '/opt/ros/kinetic/bin/roscore', 'LS_COLORS': 'rs=0:di=01;34:ln=01;36:mh=00:pi=40;33:so=01;35:do=01;35:bd=40;33;01:cd=40;33;01:or=40;31;01:su=37;41:sg=30;43:ca=30;41:tw=30;42:ow=34;42:st=37;44:ex=01;32:*.tar=01;31:*.tgz=01;31:*.arc=01;31:*.arj=01;31:*.taz=01;31:*.lha=01;31:*.lz4=01;31:*.lzh=01;31:*.lzma=01;31:*.tlz=01;31:*.txz=01;31:*.tzo=01;31:*.t7z=01;31:*.zip=01;31:*.z=01;31:*.Z=01;31:*.dz=01;31:*.gz=01;31:*.lrz=01;31:*.lz=01;31:*.lzo=01;31:*.xz=01;31:*.bz2=01;31:*.bz=01;31:*.tbz=01;31:*.tbz2=01;31:*.tz=01;31:*.deb=01;31:*.rpm=01;31:*.jar=01;31:*.war=01;31:*.ear=01;31:*.sar=01;31:*.rar=01;31:*.alz=01;31:*.ace=01;31:*.zoo=01;31:*.cpio=01;31:*.7z=01;31:*.rz=01;31:*.cab=01;31:*.jpg=01;35:*.jpeg=01;35:*.gif=01;35:*.bmp=01;35:*.pbm=01;35:*.pgm=01;35:*.ppm=01;35:*.tga=01;35:*.xbm=01;35:*.xpm=01;35:*.tif=01;35:*.tiff=01;35:*.png=01;35:*.svg=01;35:*.svgz=01;35:*.mng=01;35:*.pcx=01;35:*.mov=01;35:*.mpg=01;35:*.mpeg=01;35:*.m2v=01;35:*.mkv=01;35:*.webm=01;35:*.ogm=01;35:*.mp4=01;35:*.m4v=01;35:*.mp4v=01;35:*.vob=01;35:*.qt=01;35:*.nuv=01;35:*.wmv=01;35:*.asf=01;35:*.rm=01;35:*.rmvb=01;35:*.flc=01;35:*.avi=01;35:*.fli=01;35:*.flv=01;35:*.gl=01;35:*.dl=01;35:*.xcf=01;35:*.xwd=01;35:*.yuv=01;35:*.cgm=01;35:*.emf=01;35:*.axv=01;35:*.anx=01;35:*.ogv=01;35:*.ogx=01;35:*.aac=00;36:*.au=00;36:*.flac=00;36:*.m4a=00;36:*.mid=00;36:*.midi=00;36:*.mka=00;36:*.mp3=00;36:*.mpc=00;36:*.ogg=00;36:*.ra=00;36:*.wav=00;36:*.axa=00;36:*.oga=00;36:*.spx=00;36:*.xspf=00;36:', 'SSH_TTY': '/dev/pts/2', 'OLDPWD': '/home/erle/.ros', 'ROSLISP_PACKAGE_DIRECTORIES': '', 'PWD': '/home/erle', 'ROS_ETC_DIR': '/opt/ros/kinetic/etc/ros', 'MAIL': '/var/mail/erle', 'SSH_CONNECTION': '192.168.8.137 4026 192.168.8.115 22'}]
[roslaunch][INFO] 2017-08-17 07:21:25,946: process[rosout-1]: args[[u'/opt/ros/kinetic/lib/rosout/rosout', u'__name:=rosout']]
[roslaunch][INFO] 2017-08-17 07:21:25,946: ... created process [rosout-1]
[roslaunch.pmon][INFO] 2017-08-17 07:21:25,948: ProcessMonitor.register[rosout-1]
[roslaunch.pmon][INFO] 2017-08-17 07:21:25,948: ProcessMonitor.register[rosout-1] complete
[roslaunch][INFO] 2017-08-17 07:21:25,949: ... registered process [rosout-1]
[roslaunch][INFO] 2017-08-17 07:21:25,950: process[rosout-1]: starting os process
[roslaunch][INFO] 2017-08-17 07:21:25,951: process[rosout-1]: start w/ args [[u'/opt/ros/kinetic/lib/rosout/rosout', u'__name:=rosout', u'__log:=/home/erle/.ros/log/ac2c5058-831c-11e7-b5f2-b827eb1bfbc0/rosout-1.log']]
[roslaunch][INFO] 2017-08-17 07:21:25,952: process[rosout-1]: cwd will be [/home/erle/.ros]
[roslaunch][INFO] 2017-08-17 07:21:25,999: process[rosout-1]: started with pid [11347]
[roslaunch][INFO] 2017-08-17 07:21:26,000: ... successfully launched [rosout-1]
[roslaunch][INFO] 2017-08-17 07:21:26,001: load_parameters starting ...
[roslaunch][INFO] 2017-08-17 07:21:26,019: ... load_parameters complete
[roslaunch][INFO] 2017-08-17 07:21:26,021: launch_nodes: launching local nodes ...
[roslaunch][INFO] 2017-08-17 07:21:26,022: ... launch_nodes complete
[roslaunch.pmon][INFO] 2017-08-17 07:21:26,023: registrations completed <ProcessMonitor(ProcessMonitor-1, started daemon 1982297184)>
[roslaunch.parent][INFO] 2017-08-17 07:21:26,024: ... roslaunch parent running, waiting for process exit
[roslaunch][INFO] 2017-08-17 07:21:26,025: spin
[roslaunch.pmon][INFO] 2017-08-17 07:53:32,978: ProcessMonitor.shutdown <ProcessMonitor(ProcessMonitor-1, started daemon 1982297184)>
[roslaunch][ERROR] 2017-08-17 07:53:33,013: [master] process has died [pid 11285, exit code -15, cmd rosmaster --core -p 11311 -w 3 __log:=/home/erle/.ros/log/ac2c5058-831c-11e7-b5f2-b827eb1bfbc0/master.log].
log file: /home/erle/.ros/log/ac2c5058-831c-11e7-b5f2-b827eb1bfbc0/master*.log
[roslaunch.pmon][INFO] 2017-08-17 07:53:33,073: ProcessMonitor.unregister[master] starting
[roslaunch.pmon][INFO] 2017-08-17 07:53:33,076: ProcessMonitor.unregister[master] complete
[roslaunch.pmon][INFO] 2017-08-17 07:53:33,179: ProcessMonitor._post_run <ProcessMonitor(ProcessMonitor-1, started daemon 1982297184)>
[roslaunch.pmon][INFO] 2017-08-17 07:53:33,180: ProcessMonitor._post_run <ProcessMonitor(ProcessMonitor-1, started daemon 1982297184)>: remaining procs are [<roslaunch.nodeprocess.LocalProcess object at 0x762edb10>]
[roslaunch.pmon][INFO] 2017-08-17 07:53:33,187: ProcessMonitor exit: killing rosout-1
[roslaunch][INFO] 2017-08-17 07:53:33,188: [rosout-1] killing on exit
[roslaunch.pmon][INFO] 2017-08-17 07:53:33,193: ProcessMonitor exit: killing master
[roslaunch][INFO] 2017-08-17 07:53:33,193: [master] killing on exit
[roslaunch.pmon][INFO] 2017-08-17 07:53:33,194: ProcessMonitor exit: cleaning up data structures and signals
[roslaunch.pmon][INFO] 2017-08-17 07:53:33,194: ProcessMonitor exit: pmon has shutdown
[roslaunch][INFO] 2017-08-17 07:53:33,236: process monitor is done spinning, initiating full shutdown
[roslaunch][INFO] 2017-08-17 07:53:33,237: runner.stop()
[roslaunch][INFO] 2017-08-17 07:53:33,239: shutting down processing monitor...
[roslaunch][INFO] 2017-08-17 07:53:33,241: shutting down processing monitor <ProcessMonitor(ProcessMonitor-1, stopped daemon 1982297184)>
[roslaunch.pmon][INFO] 2017-08-17 07:53:33,242: ProcessMonitor.shutdown <ProcessMonitor(ProcessMonitor-1, stopped daemon 1982297184)>
[roslaunch][INFO] 2017-08-17 07:53:33,243: ... shutting down processing monitor complete
[roslaunch][INFO] 2017-08-17 07:53:33,246: done
[roslaunch.pmon][INFO] 2017-08-17 07:53:33,247: ProcessMonitor.shutdown <ProcessMonitor(ProcessMonitor-1, stopped daemon 1982297184)>
[rospy.core][INFO] 2017-08-17 07:53:33,248: signal_shutdown [atexit]
